{"/Users/colorvisa/Desktop/workarea/working-on/rails-react-webpack/compiler.js":{"path":"/Users/colorvisa/Desktop/workarea/working-on/rails-react-webpack/compiler.js","s":{"1":1,"2":1,"3":0,"4":1,"5":1,"6":1,"7":1,"8":1,"9":1},"b":{},"f":{"1":0},"fnMap":{"1":{"name":"(anonymous_1)","line":10,"loc":{"start":{"line":10,"column":11},"end":{"line":10,"column":34}}}},"statementMap":{"1":{"start":{"line":8,"column":0},"end":{"line":8,"column":26}},"2":{"start":{"line":10,"column":0},"end":{"line":12,"column":2}},"3":{"start":{"line":11,"column":2},"end":{"line":11,"column":28}},"4":{"start":{"line":14,"column":0},"end":{"line":14,"column":34}},"5":{"start":{"line":15,"column":0},"end":{"line":15,"column":34}},"6":{"start":{"line":16,"column":0},"end":{"line":16,"column":34}},"7":{"start":{"line":17,"column":0},"end":{"line":17,"column":35}},"8":{"start":{"line":18,"column":0},"end":{"line":18,"column":34}},"9":{"start":{"line":19,"column":0},"end":{"line":19,"column":34}}},"branchMap":{}},"/Users/colorvisa/Desktop/workarea/working-on/rails-react-webpack/app/frontend/javascripts/home/home-test.js":{"path":"/Users/colorvisa/Desktop/workarea/working-on/rails-react-webpack/app/frontend/javascripts/home/home-test.js","s":{"1":1,"2":3,"3":1,"4":1,"5":1,"6":1,"7":1,"8":1,"9":1,"10":1,"11":1,"12":1,"13":1,"14":1,"15":1,"16":1,"17":1,"18":1,"19":1,"20":1,"21":1,"22":1},"b":{"1":[0,3],"2":[3,3],"3":[1,0]},"f":{"1":3,"2":1,"3":1},"fnMap":{"1":{"name":"_interopRequireDefault","line":5,"loc":{"start":{"line":5,"column":0},"end":{"line":5,"column":37}},"skip":true},"2":{"name":"(anonymous_2)","line":30,"loc":{"start":{"line":30,"column":27},"end":{"line":30,"column":39}}},"3":{"name":"(anonymous_3)","line":31,"loc":{"start":{"line":31,"column":32},"end":{"line":31,"column":44}}}},"statementMap":{"1":{"start":{"line":5,"column":0},"end":{"line":5,"column":97},"skip":true},"2":{"start":{"line":5,"column":39},"end":{"line":5,"column":95},"skip":true},"3":{"start":{"line":7,"column":0},"end":{"line":7,"column":43}},"4":{"start":{"line":9,"column":0},"end":{"line":9,"column":57}},"5":{"start":{"line":11,"column":0},"end":{"line":11,"column":78}},"6":{"start":{"line":13,"column":0},"end":{"line":13,"column":91}},"7":{"start":{"line":15,"column":0},"end":{"line":15,"column":32}},"8":{"start":{"line":17,"column":0},"end":{"line":17,"column":47}},"9":{"start":{"line":19,"column":0},"end":{"line":19,"column":30}},"10":{"start":{"line":22,"column":0},"end":{"line":22,"column":59}},"11":{"start":{"line":24,"column":0},"end":{"line":28,"column":1}},"12":{"start":{"line":25,"column":2},"end":{"line":25,"column":68}},"13":{"start":{"line":26,"column":2},"end":{"line":26,"column":39}},"14":{"start":{"line":27,"column":2},"end":{"line":27,"column":38}},"15":{"start":{"line":30,"column":0},"end":{"line":44,"column":3}},"16":{"start":{"line":31,"column":2},"end":{"line":43,"column":5}},"17":{"start":{"line":32,"column":4},"end":{"line":32,"column":62}},"18":{"start":{"line":34,"column":4},"end":{"line":34,"column":33}},"19":{"start":{"line":36,"column":4},"end":{"line":36,"column":95}},"20":{"start":{"line":38,"column":4},"end":{"line":38,"column":65}},"21":{"start":{"line":40,"column":4},"end":{"line":40,"column":96}},"22":{"start":{"line":42,"column":4},"end":{"line":42,"column":65}}},"branchMap":{"1":{"line":5,"type":"cond-expr","locations":[{"start":{"line":5,"column":70},"end":{"line":5,"column":73},"skip":true},{"start":{"line":5,"column":76},"end":{"line":5,"column":94},"skip":true}]},"2":{"line":5,"type":"binary-expr","locations":[{"start":{"line":5,"column":46},"end":{"line":5,"column":49},"skip":true},{"start":{"line":5,"column":53},"end":{"line":5,"column":67},"skip":true}]},"3":{"line":24,"type":"if","locations":[{"start":{"line":24,"column":0},"end":{"line":24,"column":0}},{"start":{"line":24,"column":0},"end":{"line":24,"column":0}}]}}},"/Users/colorvisa/Desktop/workarea/working-on/rails-react-webpack/app/frontend/javascripts/home/home.js":{"path":"/Users/colorvisa/Desktop/workarea/working-on/rails-react-webpack/app/frontend/javascripts/home/home.js","s":{"1":1,"2":1,"3":1,"4":1,"5":2,"6":1},"b":{},"f":{"1":1,"2":1,"3":2},"fnMap":{"1":{"name":"getInitialState","line":10,"loc":{"start":{"line":10,"column":19},"end":{"line":10,"column":46}}},"2":{"name":"clickMeUpdate","line":15,"loc":{"start":{"line":15,"column":17},"end":{"line":15,"column":47}}},"3":{"name":"render","line":20,"loc":{"start":{"line":20,"column":10},"end":{"line":20,"column":28}}}},"statementMap":{"1":{"start":{"line":4,"column":0},"end":{"line":4,"column":36}},"2":{"start":{"line":7,"column":0},"end":{"line":166,"column":3}},"3":{"start":{"line":11,"column":4},"end":{"line":13,"column":6}},"4":{"start":{"line":16,"column":4},"end":{"line":18,"column":7}},"5":{"start":{"line":21,"column":4},"end":{"line":164,"column":6}},"6":{"start":{"line":168,"column":0},"end":{"line":168,"column":22}}},"branchMap":{}}}