TN:
SF:/Users/colorvisa/Desktop/workarea/working-on/rails-react-webpack/compiler.js
FN:10,(anonymous_1)
FNF:1
FNH:0
FNDA:0,(anonymous_1)
DA:8,1
DA:10,1
DA:11,0
DA:14,1
DA:15,1
DA:16,1
DA:17,1
DA:18,1
DA:19,1
LF:9
LH:8
BRF:0
BRH:0
end_of_record
TN:
SF:/Users/colorvisa/Desktop/workarea/working-on/rails-react-webpack/app/frontend/javascripts/home/home-test.js
FN:5,_interopRequireDefault
FN:30,(anonymous_2)
FN:31,(anonymous_3)
FNF:3
FNH:3
FNDA:3,_interopRequireDefault
FNDA:1,(anonymous_2)
FNDA:1,(anonymous_3)
DA:5,3
DA:7,1
DA:9,1
DA:11,1
DA:13,1
DA:15,1
DA:17,1
DA:19,1
DA:22,1
DA:24,1
DA:25,1
DA:26,1
DA:27,1
DA:30,1
DA:31,1
DA:32,1
DA:34,1
DA:36,1
DA:38,1
DA:40,1
DA:42,1
LF:21
LH:21
BRDA:5,1,0,0
BRDA:5,1,1,3
BRDA:5,2,0,3
BRDA:5,2,1,3
BRDA:24,3,0,1
BRDA:24,3,1,0
BRF:6
BRH:5
end_of_record
TN:
SF:/Users/colorvisa/Desktop/workarea/working-on/rails-react-webpack/app/frontend/javascripts/home/home.js
FN:10,getInitialState
FN:15,clickMeUpdate
FN:20,render
FNF:3
FNH:3
FNDA:1,getInitialState
FNDA:1,clickMeUpdate
FNDA:2,render
DA:4,1
DA:7,1
DA:11,1
DA:16,1
DA:21,2
DA:168,1
LF:6
LH:6
BRF:0
BRH:0
end_of_record
